[01m[K/home/azra/catkin_ws_projekatRobotino/src/rto_core/rto_local_move/src/rto_local_move_client_node.cpp:[m[K In function â€˜[01m[Kint main(int, char**)[m[Kâ€™:
[01m[K/home/azra/catkin_ws_projekatRobotino/src/rto_core/rto_local_move/src/rto_local_move_client_node.cpp:132:19:[m[K [01;31m[Kerror: [m[Kexpected primary-expression before â€˜[01m[K)[m[Kâ€™ token
  132 |             while([01;31m[K)[m[K{
      |                   [01;31m[K^[m[K
make[2]: *** [CMakeFiles/rto_local_move_client_node.dir/build.make:63: CMakeFiles/rto_local_move_client_node.dir/src/rto_local_move_client_node.cpp.o] Error 1
make[1]: *** [CMakeFiles/Makefile2:250: CMakeFiles/rto_local_move_client_node.dir/all] Error 2
make: *** [Makefile:141: all] Error 2
