[01m[K/home/azra/catkin_ws_projekatRobotino/src/rto_core/rto_local_move/src/rto_local_move_client_node.cpp:[m[K In function â€˜[01m[Kint main(int, char**)[m[Kâ€™:
[01m[K/home/azra/catkin_ws_projekatRobotino/src/rto_core/rto_local_move/src/rto_local_move_client_node.cpp:56:29:[m[K [01;31m[Kerror: [m[Kredeclaration of â€˜[01m[Kgeometry_msgs::Pose e1[m[Kâ€™
   56 |         geometry_msgs::Pose [01;31m[Ke1[m[K;
      |                             [01;31m[K^~[m[K
[01m[K/home/azra/catkin_ws_projekatRobotino/src/rto_core/rto_local_move/src/rto_local_move_client_node.cpp:21:52:[m[K [01;36m[Knote: [m[Kâ€˜[01m[Kgeometry_msgs::Pose e1[m[Kâ€™ previously declared here
   21 |         geometry_msgs::Pose orthogonal_projection, [01;36m[Ke1[m[K, e2;
      |                                                    [01;36m[K^~[m[K
make[2]: *** [CMakeFiles/rto_local_move_client_node.dir/build.make:63: CMakeFiles/rto_local_move_client_node.dir/src/rto_local_move_client_node.cpp.o] Error 1
make[1]: *** [CMakeFiles/Makefile2:250: CMakeFiles/rto_local_move_client_node.dir/all] Error 2
make: *** [Makefile:141: all] Error 2
